<?xml version="1.0" encoding="utf-8"?><testsuites><testsuite name="pytest" errors="0" failures="0" skipped="9" tests="11" time="0.470" timestamp="2022-06-28T17:27:26.974099" hostname="OLI-OMEN"><testcase classname="bumpversion" name="FLAKE8" time="0.001"><skipped type="pytest.skip" message="file(s) previously passed FLAKE8 checks">/home/olivier/dev/kairntech/pyconverters_deeptranscript/.tox/report/lib/python3.8/site-packages/pytest_flake8.py:124: file(s) previously passed FLAKE8 checks</skipped></testcase><testcase classname="src.pyconverters_deeptranscript.__init__" name="FLAKE8" time="0.000"><skipped type="pytest.skip" message="file(s) previously passed FLAKE8 checks">/home/olivier/dev/kairntech/pyconverters_deeptranscript/.tox/report/lib/python3.8/site-packages/pytest_flake8.py:124: file(s) previously passed FLAKE8 checks</skipped></testcase><testcase classname="src.pyconverters_deeptranscript.deeptranscript" name="FLAKE8" time="0.100" /><testcase classname="src.pyconverters_deeptranscript.webhook" name="FLAKE8" time="0.000"><skipped type="pytest.skip" message="file(s) previously passed FLAKE8 checks">/home/olivier/dev/kairntech/pyconverters_deeptranscript/.tox/report/lib/python3.8/site-packages/pytest_flake8.py:124: file(s) previously passed FLAKE8 checks</skipped></testcase><testcase classname="tests.test_deeptranscript" name="FLAKE8" time="0.000"><skipped type="pytest.skip" message="file(s) previously passed FLAKE8 checks">/home/olivier/dev/kairntech/pyconverters_deeptranscript/.tox/report/lib/python3.8/site-packages/pytest_flake8.py:124: file(s) previously passed FLAKE8 checks</skipped></testcase><testcase classname="tests.test_deeptranscript" name="test_deeptranscript" time="0.000" /><testcase classname="tests.test_deeptranscript" name="test_deeptranscript_wav" time="0.000"><skipped type="pytest.skip" message="Not a test">/home/olivier/dev/kairntech/pyconverters_deeptranscript/tests/test_deeptranscript.py:21: Not a test</skipped></testcase><testcase classname="tests.test_deeptranscript" name="test_deeptranscript_webm" time="0.000"><skipped type="pytest.skip" message="Not a test">/home/olivier/dev/kairntech/pyconverters_deeptranscript/tests/test_deeptranscript.py:40: Not a test</skipped></testcase><testcase classname="tests.test_deeptranscript" name="test_deeptranscript_yt" time="0.000"><skipped type="pytest.skip" message="Not a test">/home/olivier/dev/kairntech/pyconverters_deeptranscript/tests/test_deeptranscript.py:58: Not a test</skipped></testcase><testcase classname="tests.test_deeptranscript" name="test_deeptranscript_yt_playlist_index" time="0.000"><skipped type="pytest.skip" message="Not a test">/home/olivier/dev/kairntech/pyconverters_deeptranscript/tests/test_deeptranscript.py:76: Not a test</skipped></testcase><testcase classname="tests.test_deeptranscript" name="test_deeptranscript_yt_playlist" time="0.000"><skipped type="pytest.skip" message="Not a test">/home/olivier/dev/kairntech/pyconverters_deeptranscript/tests/test_deeptranscript.py:91: Not a test</skipped></testcase></testsuite></testsuites>